<?xml version='1.0' encoding='UTF-8'?>
<testsuite hostname="DESKTOP-3B02N23" name="br.unb.cic.flang.SubstitutionTest" tests="5" errors="0" failures="0" skipped="0" time="0.032" timestamp="2024-07-18T23:34:18">
          <properties>
[...]
</properties>
          <testcase classname="br.unb.cic.flang.SubstitutionTest" name="substitute x by CInt(5) in CInt(10) should return the int constant 10." time="0.032">
                      
                    </testcase><testcase classname="br.unb.cic.flang.SubstitutionTest" name="substitute x by CInt(5) in Id('x') should return the int constant 5." time="0.0">
                      
                    </testcase><testcase classname="br.unb.cic.flang.SubstitutionTest" name="substitute x by CInt(5) in Id('y') should return Id('y')." time="0.0">
                      
                    </testcase><testcase classname="br.unb.cic.flang.SubstitutionTest" name="substitute x by CInt(5) in Add(CInt(10), Id('x')) should return Add(CInt(10), CInt(5))" time="0.0">
                      
                    </testcase><testcase classname="br.unb.cic.flang.SubstitutionTest" name="substitute x by CInt(5) in Add(CInt(10), Add(Id('x'), Id('x'))) should return Add(CInt(10), Add(CInt(5), CInt(5)))" time="0.0">
                      
                    </testcase>
          <system-out><![CDATA[]]></system-out>
          <system-err><![CDATA[]]></system-err>
        </testsuite>